[10/10/2013 21:41] Неправильно задан путь к скинам и плащам, проверьте настройки магазина
[10/10/2013 21:41] Пользователь karachungen отправил запрос на тех. поддержку по почте
[10/10/2013 21:41] Пользователь karachungen отправил запрос на тех. поддержку по почте
[10/10/2013 21:41] Пользователь karachungen отправил запрос на тех. поддержку по почте
[10/10/2013 21:41] Неправильно задан путь к скинам и плащам, проверьте настройки магазина
[11/10/2013 00:53] Неправильно задан путь к скинам и плащам, проверьте настройки магазина
[12/10/2013 00:50] Пользователь atomicman пополнил игровой счет на 1000 монет
[12/10/2013 00:53] Неправильно задан путь к скинам и плащам, проверьте настройки магазина
[12/10/2013 00:54] Неправильно задан путь к скинам и плащам, проверьте настройки магазина
[12/10/2013 00:54] Неправильно задан путь к скинам и плащам, проверьте настройки магазина
[12/10/2013 00:54] Пользователь Uoli отказался от статуса Игрок
[12/10/2013 00:55] Неправильно задан путь к скинам и плащам, проверьте настройки магазина
[14/10/2013 12:24] Новость "dsad" была добавлена. Автор: Admin
[14/10/2013 12:25] Пользователь Admin отказался от статуса Игрок
[14/10/2013 12:27] Пользователь Admin купил статус Лицензия на плащ и префикс на срок 3 суток.
[14/10/2013 12:28] Пользователь Admin отказался от статуса Лицензия на плащ и префикс
[14/10/2013 12:28] Статус с ID 13 был снят(удален) с продажи. Администратор: Admin
[14/10/2013 12:29] Отредактирован статус: VIP. Администратор: Admin
[14/10/2013 12:29] Отредактирован статус: VIP. Администратор: Admin
[14/10/2013 12:30] Отредактирован статус: Премиум. Администратор: Admin
[14/10/2013 12:31] Отредактирован статус: Премиум. Администратор: Admin
[14/10/2013 12:34] Неправильно задан путь к скинам и плащам, проверьте настройки магазина
[14/10/2013 12:35] Пользователь Admin купил статус Премиум на срок 90 суток.
[14/10/2013 12:35] Неправильно задан путь к скинам и плащам, проверьте настройки магазина
[14/10/2013 12:40] Пользователь Admin пополнил игровой счет на 2510 монет
[14/10/2013 19:50] Неправильно задан путь к скинам и плащам, проверьте настройки магазина
[15/10/2013 20:48] Неправильно задан путь к скинам и плащам, проверьте настройки магазина
[18/10/2013 16:53] Пользователь karachungen отказался от статуса Игрок
[21/10/2013 00:09] Неправильно задан путь к скинам и плащам, проверьте настройки магазина
[21/10/2013 00:09] Неправильно задан путь к скинам и плащам, проверьте настройки магазина
[21/10/2013 00:10] Неправильно задан путь к скинам и плащам, проверьте настройки магазина
[21/10/2013 00:10] Неправильно задан путь к скинам и плащам, проверьте настройки магазина
[21/10/2013 11:46] Неправильно задан путь к скинам и плащам, проверьте настройки магазина
[21/10/2013 11:59] Неправильно задан путь к скинам и плащам, проверьте настройки магазина
[21/10/2013 13:38] Пользователь Admin сменил скин или плащ
[21/10/2013 13:45] Во время удаления плаща пользователя Admin произошла ошибка
[21/10/2013 13:45] Пользователь Admin сменил скин или плащ
[21/10/2013 13:45] Пользователь Admin сменил скин или плащ
[03/11/2013 21:43] Пользователь  пытался повторно пополнить свой лицевой счет. Transaction ID: 
[03/11/2013 21:43] Пользователь  пытался повторно пополнить свой лицевой счет. Transaction ID: 
[03/11/2013 21:45] Пользователь  пытался повторно пополнить свой лицевой счет. Transaction ID: 
[03/11/2013 21:45] Пользователь  пытался повторно пополнить свой лицевой счет. Transaction ID: 
[03/11/2013 21:45] Пользователь  пытался повторно пополнить свой лицевой счет. Transaction ID: 
[03/11/2013 21:45] Пользователь  пытался повторно пополнить свой лицевой счет. Transaction ID: 
[03/11/2013 21:46] Пользователь  пытался повторно пополнить свой лицевой счет. Transaction ID: 
[03/11/2013 21:46] Пользователь  пытался повторно пополнить свой лицевой счет. Transaction ID: 
[07/11/2013 23:30] Пользователь  пытался повторно пополнить свой лицевой счет. Transaction ID: 
[07/11/2013 23:30] Пользователь  пытался повторно пополнить свой лицевой счет. Transaction ID: 
[07/11/2013 23:30] Пользователь  пытался повторно пополнить свой лицевой счет. Transaction ID: 
[07/11/2013 23:31] Пользователь  пытался повторно пополнить свой лицевой счет. Transaction ID: 
[07/11/2013 23:32] Пользователь  пытался повторно пополнить свой лицевой счет. Transaction ID: 
[07/11/2013 23:32] Пользователь  пытался повторно пополнить свой лицевой счет. Transaction ID: 
[17/11/2013 20:25] Неправильно задан путь к скинам и плащам, проверьте настройки магазина
[16/12/2013 15:45] Неправильно задан путь к скинам и плащам, проверьте настройки магазина
